<?xml version="1.0" encoding="UTF-8"?>
<!-- Generated by org.testng.reporters.JUnitXMLReporter -->
<testsuite hostname="ATMECSINLT-084" ignored="1" name="Default test(failed)" tests="1" failures="0" timestamp="20 Sep 2019 09:12:13 GMT" time="79.55" errors="0">
  <testcase name="openmrs" time="59.431" classname="com.openmrs.testscript.OpenmrsTS"/>
  <testcase name="reports" time="0.0" classname="com.openmrs.testscript.OpenmrsTS">
    <ignored/>
  </testcase> <!-- reports -->
</testsuite> <!-- Default test(failed) -->
