<?xml version="1.0" encoding="UTF-8"?>
<!-- Generated by org.testng.reporters.JUnitXMLReporter -->
<testsuite hostname="ATMECSINLT-084" ignored="0" name="Test" tests="1" failures="0" timestamp="2019-09-25T17:55:26 IST" time="50.456" errors="0">
  <testcase name="@BeforeMethod method" time="40.007" classname="com.openmrs.testscript.OpenmrsTS">
    <failure type="org.openqa.selenium.WebDriverException" message="chrome not reachable
  (Session info: chrome=76.0.3809.132)
Build info: version: &amp;apos;3.141.59&amp;apos;, revision: &amp;apos;e82be7d358&amp;apos;, time: &amp;apos;2018-11-14T08:17:03&amp;apos;
System info: host: &amp;apos;ATMECSINLT-084&amp;apos;, ip: &amp;apos;55.55.52.136&amp;apos;, os.name: &amp;apos;Windows 10&amp;apos;, os.arch: &amp;apos;amd64&amp;apos;, os.version: &amp;apos;10.0&amp;apos;, java.version: &amp;apos;1.8.0_221&amp;apos;
Driver info: org.openqa.selenium.chrome.ChromeDriver
Capabilities {acceptInsecureCerts: false, browserName: chrome, browserVersion: 76.0.3809.132, chrome: {chromedriverVersion: 76.0.3809.126 (d80a294506b4..., userDataDir: C:\Users\MAGESH~1.SUR\AppDa...}, goog:chromeOptions: {debuggerAddress: localhost:57954}, javascriptEnabled: true, networkConnectionEnabled: false, pageLoadStrategy: normal, platform: XP, platformName: XP, proxy: Proxy(), setWindowRect: true, strictFileInteractability: false, timeouts: {implicit: 0, pageLoad: 300000, script: 30000}, unhandledPromptBehavior: dismiss and notify}
Session ID: 3912a4d853b2553f1d0b754b9393171a
*** Element info: {Using=xpath, value=//input[@id=&amp;apos;username&amp;apos;]}">
      <![CDATA[org.openqa.selenium.WebDriverException: chrome not reachable
  (Session info: chrome=76.0.3809.132)
Build info: version: '3.141.59', revision: 'e82be7d358', time: '2018-11-14T08:17:03'
System info: host: 'ATMECSINLT-084', ip: '55.55.52.136', os.name: 'Windows 10', os.arch: 'amd64', os.version: '10.0', java.version: '1.8.0_221'
Driver info: org.openqa.selenium.chrome.ChromeDriver
Capabilities {acceptInsecureCerts: false, browserName: chrome, browserVersion: 76.0.3809.132, chrome: {chromedriverVersion: 76.0.3809.126 (d80a294506b4..., userDataDir: C:\Users\MAGESH~1.SUR\AppDa...}, goog:chromeOptions: {debuggerAddress: localhost:57954}, javascriptEnabled: true, networkConnectionEnabled: false, pageLoadStrategy: normal, platform: XP, platformName: XP, proxy: Proxy(), setWindowRect: true, strictFileInteractability: false, timeouts: {implicit: 0, pageLoad: 300000, script: 30000}, unhandledPromptBehavior: dismiss and notify}
Session ID: 3912a4d853b2553f1d0b754b9393171a
*** Element info: {Using=xpath, value=//input[@id='username']}
at org.openqa.selenium.remote.http.W3CHttpResponseCodec.createException(W3CHttpResponseCodec.java:187)
at org.openqa.selenium.remote.http.W3CHttpResponseCodec.decode(W3CHttpResponseCodec.java:122)
at org.openqa.selenium.remote.http.W3CHttpResponseCodec.decode(W3CHttpResponseCodec.java:49)
at org.openqa.selenium.remote.HttpCommandExecutor.execute(HttpCommandExecutor.java:158)
at org.openqa.selenium.remote.service.DriverCommandExecutor.execute(DriverCommandExecutor.java:83)
at org.openqa.selenium.remote.RemoteWebDriver.execute(RemoteWebDriver.java:552)
at org.openqa.selenium.remote.RemoteWebDriver.findElement(RemoteWebDriver.java:323)
at org.openqa.selenium.remote.RemoteWebDriver.findElementByXPath(RemoteWebDriver.java:428)
at org.openqa.selenium.By$ByXPath.findElement(By.java:353)
at org.openqa.selenium.remote.RemoteWebDriver.findElement(RemoteWebDriver.java:315)
at com.openmrs.utils.UtilityFiles.entertext(UtilityFiles.java:178)
at com.openmrs.pages.Loginpage.logincredentials(Loginpage.java:24)
at com.openmrs.testscript.OpenmrsTS.method(OpenmrsTS.java:34)
at java.util.ArrayList.forEach(Unknown Source)
... Removed 40 stack frames]]>
    </failure>
  </testcase> <!-- @BeforeMethod method -->
  <testcase name="@AfterMethod reports" time="-1.569414326021E9" classname="com.openmrs.testscript.OpenmrsTS">
    <skipped/>
  </testcase> <!-- @AfterMethod reports -->
  <testcase name="@AfterTest closeSetup" time="-1.569414326027E9" classname="com.openmrs.testscript.OpenmrsTS">
    <skipped/>
  </testcase> <!-- @AfterTest closeSetup -->
  <testcase name="openmrs" time="0.0" classname="com.openmrs.testscript.OpenmrsTS">
    <skipped/>
  </testcase> <!-- openmrs -->
</testsuite> <!-- Test -->
